
> app@1.0.0 start
> expo start

Starting project at /app
React Compiler enabled
Starting Metro Bundler
The following packages should be updated for best compatibility with the installed expo version:
  @react-native-community/slider@5.1.1 - expected version: 5.0.1
  expo@54.0.23 - expected version: ~54.0.30
  expo-constants@18.0.10 - expected version: ~18.0.12
  expo-font@14.0.9 - expected version: ~14.0.10
  expo-haptics@15.0.7 - expected version: ~15.0.8
  expo-image@3.0.10 - expected version: ~3.0.11
  expo-linking@8.0.8 - expected version: ~8.0.11
  expo-router@6.0.14 - expected version: ~6.0.21
  expo-splash-screen@31.0.10 - expected version: ~31.0.13
  expo-status-bar@3.0.8 - expected version: ~3.0.9
  expo-symbols@1.0.7 - expected version: ~1.0.8
  expo-system-ui@6.0.8 - expected version: ~6.0.9
  expo-web-browser@15.0.9 - expected version: ~15.0.10
  babel-preset-expo@54.0.7 - expected version: ~54.0.9
Your project may not work correctly until you install the expected versions of the packages.
Waiting on http://localhost:8081
Logs for your project will appear below.
Web node_modules/expo-router/entry.js ░░░░░░░░░░░░░░░░  0.0% (0/1)
Web node_modules/expo-router/entry.js ▓▓▓▓▓▓▓▓▓▓▓▓▓▓▓░ 97.5% (2520/2552)
λ node_modules/expo-router/node/render.js ▓▓▓▓▓▓▓▓▓▓▓▓▓▓▓░ 96.5% (2338/2411)
Web node_modules/expo-router/entry.js ▓▓▓▓▓▓▓▓▓▓▓▓▓▓▓░ 97.5% (2617/2705)
λ node_modules/expo-router/node/render.js ▓▓▓▓▓▓▓▓▓▓▓▓▓▓▓░ 96.5% (2595/2674)
Web node_modules/expo-router/entry.js ▓▓▓▓▓▓▓▓▓▓▓▓▓▓▓░ 98.1% (2829/2859)
λ node_modules/expo-router/node/render.js ▓▓▓▓▓▓▓▓▓▓▓▓▓▓▓░ 98.5% (2777/2799)
λ Bundling failed 10775ms node_modules/expo-router/node/render.js (2818 modules)
Web Bundling failed 10784ms node_modules/expo-router/entry.js (2870 modules)

Metro error: Importing native-only module "react-native/Libraries/Utilities/codegenNativeCommands" on web from: node_modules/react-native-maps/lib/MapMarkerNativeComponent.js

Import stack:

 node_modules/react-native-maps/lib/MapMarkerNativeComponent.js
 | import "react-native/Libraries/Utilities/codegenNativeCommands"
           ^ Importing react-native internals is not supported on web.

 node_modules/react-native-maps/lib/MapMarker.js
 | import "./MapMarkerNativeComponent"

 node_modules/react-native-maps/lib/index.js
 | import "./MapMarker"

 app/screens/AlertDetailsScreen.tsx
 | import "react-native-maps"

 app (require.context)



Web node_modules/expo-router/_error.js ░░░░░░░░░░░░░░░░  0.0% (0/1)
Web Bundled 246ms node_modules/expo-router/_error.js (285 modules)
 LOG  [web] Logs will appear in the browser console
